<?xml version="1.0" encoding="UTF-8"?>
<!-- Generated by org.testng.reporters.JUnitReportReporter -->
<testsuite hostname="DESKTOP-4M33H3R" failures="0" tests="1" name="com.testingShastra.PIMReport" time="21.252" errors="0" timestamp="2024-11-29T12:36:15 IST" skipped="0">
  <testcase classname="com.testingShastra.PIMReport" name="getPIMreport" time="21.252"/>
  <system-out/>
</testsuite> <!-- com.testingShastra.PIMReport -->
