<?xml version="1.0" encoding="UTF-8"?>
<!-- Generated by org.testng.reporters.JUnitReportReporter -->
<testsuite hostname="DESKTOP-4M33H3R" failures="0" tests="1" name="com.testingShastra.adduser" time="37.206" errors="0" timestamp="2024-11-25T20:08:52 IST" skipped="0">
  <testcase classname="com.testingShastra.adduser" name="verifyloginAdminUserA" time="37.206"/>
  <system-out/>
</testsuite> <!-- com.testingShastra.adduser -->
