<?xml version="1.0" encoding="UTF-8"?>
<!-- Generated by org.testng.reporters.JUnitReportReporter -->
<testsuite hostname="DESKTOP-4M33H3R" failures="0" tests="1" name="com.testingShastra.adduser" time="32.138" errors="0" timestamp="2024-11-29T11:58:24 IST" skipped="0">
  <testcase classname="com.testingShastra.adduser" name="verifyloginAdminUserA" time="32.138"/>
  <system-out/>
</testsuite> <!-- com.testingShastra.adduser -->
